<?xml version="1.0" encoding="UTF-8"?>
<testsuite xmlns:xsi="http://www.w3.org/2001/XMLSchema-instance" xsi:noNamespaceSchemaLocation="https://maven.apache.org/surefire/maven-surefire-plugin/xsd/surefire-test-report.xsd" version="3.0.2" name="org.acme.helpers.UserHelperImplTest" time="9.908" tests="8" errors="0" skipped="0" failures="0">
  <properties>
[...]
</properties>
  <testcase name="testInvalidEmailUserPostRequest" classname="org.acme.helpers.UserHelperImplTest" time="0.551">
    <system-out><![CDATA[2025-07-02 13:43:25,422 INFO  [org.tes.DockerClientFactory] (build-7) Testcontainers version: 1.21.2
2025-07-02 13:43:25,756 WARN  [io.qua.arc.pro.Injection] (build-31) An injection field must be non-static and non-final - ignoring: org.acme.service.impl.DemonymServiceImpl#demonymService
2025-07-02 13:43:27,293 INFO  [org.tes.doc.DockerClientProviderStrategy] (build-7) Found Docker environment with Docker accessed via Unix socket (/Users/elieljrodriguez/.docker/run/docker.sock)
2025-07-02 13:43:27,299 INFO  [org.tes.DockerClientFactory] (build-7) Docker host IP address is localhost
2025-07-02 13:43:27,369 INFO  [org.tes.DockerClientFactory] (build-7) Connected to docker: 
  Server Version: 28.2.2
  API Version: 1.50
  Operating System: Docker Desktop
  Total Memory: 3913 MB
  Labels: 
    com.docker.desktop.address=unix:///Users/elieljrodriguez/Library/Containers/com.docker.docker/Data/docker-cli.sock
2025-07-02 13:43:27,396 INFO  [org.tes.ima.PullPolicy] (build-7) Image pull policy will be performed by: DefaultPullPolicy()
2025-07-02 13:43:27,400 INFO  [org.tes.uti.ImageNameSubstitutor] (build-7) Image name substitution will be performed by: DefaultImageNameSubstitutor (composite of 'ConfigurationFileImageNameSubstitutor' and 'PrefixingImageNameSubstitutor')
2025-07-02 13:43:27,411 INFO  [org.tes.DockerClientFactory] (build-7) Checking the system...
2025-07-02 13:43:27,412 INFO  [org.tes.DockerClientFactory] (build-7) ✔︎ Docker server version should be at least 1.6.0
2025-07-02 13:43:27,537 INFO  [tc.doc.io/redis:7] (build-7) Creating container for image: docker.io/redis:7
2025-07-02 13:43:27,587 INFO  [org.tes.uti.RegistryAuthLocator] (build-7) Failure when attempting to lookup auth config. Please ignore if you don't have images in an authenticated registry. Details: (dockerImageName: docker.io/redis:7, configFile: /Users/elieljrodriguez/.docker/config.json, configEnv: DOCKER_AUTH_CONFIG). Falling back to docker-java default behaviour. Exception message: Could not execute [docker-credential-osxkeychain, get]. Error=2, No such file or directory
2025-07-02 13:43:27,606 INFO  [tc.tes.12.0] (build-7) Creating container for image: testcontainers/ryuk:0.12.0
2025-07-02 13:43:27,614 INFO  [org.tes.uti.RegistryAuthLocator] (build-7) Failure when attempting to lookup auth config. Please ignore if you don't have images in an authenticated registry. Details: (dockerImageName: testcontainers/ryuk:0.12.0, configFile: /Users/elieljrodriguez/.docker/config.json, configEnv: DOCKER_AUTH_CONFIG). Falling back to docker-java default behaviour. Exception message: Could not execute [docker-credential-osxkeychain, get]. Error=2, No such file or directory
2025-07-02 13:43:28,117 INFO  [tc.tes.12.0] (build-7) Container testcontainers/ryuk:0.12.0 is starting: e25ba063b1c3f31886b6adb4300f9c8bdc9c6f811b7ee1caaba391744feb745e
2025-07-02 13:43:31,533 INFO  [tc.tes.12.0] (build-7) Container testcontainers/ryuk:0.12.0 started in PT3.925689S
2025-07-02 13:43:31,760 INFO  [tc.doc.io/redis:7] (build-7) Container docker.io/redis:7 is starting: 8201f05a4c368e7877864b9cb1ffa39bfad98fc9d2e11b7d5dfb986e941d0fb1
2025-07-02 13:43:34,014 INFO  [tc.doc.io/redis:7] (build-7) Container docker.io/redis:7 started in PT6.476484S
2025-07-02 13:43:34,034 INFO  [io.qua.red.dep.cli.DevServicesRedisProcessor] (build-7) The <default> redis server is ready to accept connections on redis://localhost:50695
2025-07-02 13:43:37,085 INFO  [org.hib.jpa.int.uti.LogHelper] (main) HHH000204: Processing PersistenceUnitInfo [name: <default>]
2025-07-02 13:43:38,413 INFO  [org.hib.Version] (main) HHH000412: Hibernate ORM core version 7.0.3.Final
2025-07-02 13:43:40,419 INFO  [org.hib.orm.con.pooling] (main) HHH10001005: Database info:
	Database JDBC URL [undefined/unknown]
	Database driver: undefined/unknown
	Database version: 13.0
	Autocommit mode: undefined/unknown
	Isolation level: <unknown>
	Pool: undefined/unknown
	Minimum pool size: undefined/unknown
	Maximum pool size: undefined/unknown
2025-07-02 13:43:40,993 INFO  [org.hib.val.int.uti.Version] (main) HV000001: Hibernate Validator 9.0.1.Final
2025-07-02 13:43:44,782 INFO  [io.quarkus] (main) code-with-quarkus 1.0.0-SNAPSHOT on JVM (powered by Quarkus 3.24.1) started in 26.583s. Listening on: http://localhost:8081
2025-07-02 13:43:44,782 INFO  [io.quarkus] (main) Profile test activated. 
2025-07-02 13:43:44,783 INFO  [io.quarkus] (main) Installed features: [agroal, cache, cdi, compose, hibernate-orm, hibernate-orm-panache, hibernate-validator, jdbc-postgresql, narayana-jta, redis-client, rest, rest-client, rest-client-jackson, rest-jackson, smallrye-context-propagation, vertx]
]]></system-out>
  </testcase>
  <testcase name="testIsValidUserUpdateRequest" classname="org.acme.helpers.UserHelperImplTest" time="0.002"/>
  <testcase name="testInvalidUserUpdateRequest" classname="org.acme.helpers.UserHelperImplTest" time="0.005"/>
  <testcase name="testGetUserFromUserPostRequest" classname="org.acme.helpers.UserHelperImplTest" time="0.656"/>
  <testcase name="testIsValidUserPostRequest" classname="org.acme.helpers.UserHelperImplTest" time="0.002"/>
  <testcase name="testMissingPhoneNumberUserPostRequest" classname="org.acme.helpers.UserHelperImplTest" time="0.002"/>
  <testcase name="testInvalidPhoneNumberUserPostRequest" classname="org.acme.helpers.UserHelperImplTest" time="0.002"/>
  <testcase name="testCreateUserResultRequest" classname="org.acme.helpers.UserHelperImplTest" time="0.004"/>
</testsuite>